<?xml version="1.0" encoding="UTF-8"?>
<!-- Generated by org.testng.reporters.JUnitXMLReporter -->
<testsuite hostname="Vinayak-Lenovo" ignored="0" name="Test-Validated Title" tests="1" failures="1" timestamp="2021-01-07T11:58:40 IST" time="10.47" errors="0">
  <testcase name="checkTitle" time="0.051" classname="E2E_Project.validateTitle">
    <failure type="java.lang.AssertionError" message="expected [FEATURED COURSES12] but found [FEATURED COURSES]">
      <![CDATA[java.lang.AssertionError: expected [FEATURED COURSES12] but found [FEATURED COURSES]
at E2E_Project.validateTitle.checkTitle(validateTitle.java:36)
at java.util.ArrayList.forEach(ArrayList.java:1257)
... Removed 33 stack frames]]>
    </failure>
  </testcase> <!-- checkTitle -->
</testsuite> <!-- Test-Validated Title -->
