<?xml version="1.0" encoding="UTF-8"?>
<!-- Generated by org.testng.reporters.JUnitXMLReporter -->
<testsuite hostname="Vinayak-Lenovo" ignored="0" name="Test-Browser Initilization" tests="2" failures="0" timestamp="2021-01-07T11:58:29 IST" time="22.368" errors="0">
  <testcase name="getBrowser" time="12.436" classname="E2E_Project.startBrowser"/>
  <testcase name="getBrowser" time="9.916" classname="E2E_Project.startBrowser"/>
</testsuite> <!-- Test-Browser Initilization -->
