<?xml version="1.0" encoding="UTF-8"?>
<!-- Generated by org.testng.reporters.JUnitXMLReporter -->
<testsuite hostname="Vinayak-Lenovo" ignored="0" name="Test-Browser Initilization" tests="2" failures="0" timestamp="2021-01-07T15:55:44 IST" time="29.476" errors="0">
  <testcase name="getBrowser" time="17.905" classname="E2E_Project.startBrowser"/>
  <testcase name="getBrowser" time="11.539" classname="E2E_Project.startBrowser"/>
</testsuite> <!-- Test-Browser Initilization -->
