<?xml version="1.0" encoding="UTF-8"?>
<!-- Generated by org.testng.reporters.JUnitXMLReporter -->
<testsuite hostname="Vinayak-Lenovo" ignored="0" name="Test-Navigation Menu" tests="1" failures="0" timestamp="2021-01-07T15:55:31 IST" time="16.35" errors="0">
  <testcase name="navigateMenu" time="0.192" classname="E2E_Project.navigationMenu"/>
</testsuite> <!-- Test-Navigation Menu -->
