<?xml version="1.0" encoding="UTF-8"?>
<!-- Generated by org.testng.reporters.JUnitReportReporter -->
<testsuite skipped="0" hostname="Vinayak-Lenovo" name="E2E_Project.startBrowser" tests="2" failures="0" timestamp="2021-01-07T11:58:40 IST" time="22.352" errors="0">
  <testcase name="getBrowser" time="12.436" classname="E2E_Project.startBrowser"/>
  <system-out/>
  <testcase name="getBrowser" time="9.916" classname="E2E_Project.startBrowser"/>
  <system-out/>
</testsuite> <!-- E2E_Project.startBrowser -->
