<?xml version="1.0" encoding="UTF-8"?>
<!-- Generated by org.testng.reporters.JUnitReportReporter -->
<testsuite skipped="0" hostname="Vinayak-Lenovo" name="E2E_Project.startBrowser" tests="2" failures="0" timestamp="2021-01-07T15:57:30 IST" time="29.444" errors="0">
  <testcase name="getBrowser" time="17.905" classname="E2E_Project.startBrowser"/>
  <system-out/>
  <testcase name="getBrowser" time="11.539" classname="E2E_Project.startBrowser"/>
  <system-out/>
</testsuite> <!-- E2E_Project.startBrowser -->
