<?xml version="1.0" encoding="UTF-8"?>
<!-- Generated by org.testng.reporters.JUnitReportReporter -->
<testsuite skipped="0" hostname="Vinayak-Lenovo" name="E2E_Project.navigationMenu" tests="1" failures="0" timestamp="2021-01-07T15:57:30 IST" time="0.192" errors="0">
  <testcase name="navigateMenu" time="0.192" classname="E2E_Project.navigationMenu"/>
  <system-out/>
</testsuite> <!-- E2E_Project.navigationMenu -->
